0 -1 -1 -1 
1 -1 -1 -1 
2 -1 -1 -1 
3 -1 -1 -1 
4 -1 -1 -1 
5 -1 -1 -1 
6 -1 -1 -1 
7 -1 -1 -1 
8 -1 -1 -1 
9 -1 -1 -1 
10 -1 -1 -1 
11 1 10 3 
12 5 10 3 
13 1 6 6 
14 5 10 7 
15 9 6 6 
16 1 6 7 
17 5 6 6 
18 9 7 -1 
19 1 6 -1 
20 5 7 -1 
21 9 7 -1 
22 1 -1 -1 
23 5 -1 -1 
24 9 -1 -1 
25 5 -1 -1 
26 -1 -1 -1 
27 -1 -1 -1 
28 -1 -1 -1 
29 -1 -1 -1 
30 -1 -1 -1 
31 -1 -1 -1 
32 -1 -1 -1 
33 -1 -1 -1 
34 -1 -1 -1 
35 -1 -1 -1 
36 -1 -1 -1 
37 -1 -1 -1 
38 -1 -1 -1 
39 -1 -1 -1 
40 -1 -1 -1 
41 -1 -1 -1 
42 -1 -1 -1 
43 -1 -1 -1 
